#-----------------------------------------------------------
# Vivado v2021.1 (64-bit)
# SW Build 3247384 on Thu Jun 10 19:36:33 MDT 2021
# IP Build 3246043 on Fri Jun 11 00:30:35 MDT 2021
# Start of session at: Wed Mar  5 22:13:52 2025
# Process ID: 50448
# Current directory: F:/日常杂物/25.02.28 AI Chip 2025 实验设计/ai_exp_teach_exp1
# Command line: vivado.exe -gui_launcher_event rodinguilauncherevent52208 F:\日常杂物\25.02.28 AI Chip 2025 实验设计\ai_exp_teach_exp1\ai_chip_exp.xpr
# Log file: F:/日常杂物/25.02.28 AI Chip 2025 实验设计/ai_exp_teach_exp1/vivado.log
# Journal file: F:/日常杂物/25.02.28 AI Chip 2025 实验设计/ai_exp_teach_exp1\vivado.jou
#-----------------------------------------------------------
start_gui
open_project {F:/日常杂物/25.02.28 AI Chip 2025 实验设计/ai_exp_teach_exp1/ai_chip_exp.xpr}
INFO: [Project 1-313] Project file moved from 'F:/25.02.28 AI Chip 2025/ai_chip_exp' since last save.
WARNING: [filemgmt 56-2] Default IP Output Path : Could not find the directory 'F:/日常杂物/25.02.28 AI Chip 2025 实验设计/ai_exp_teach_exp1/ai_chip_exp.gen/sources_1', nor could it be found using path 'F:/25.02.28 AI Chip 2025/ai_chip_exp/ai_chip_exp.gen/sources_1'.
Scanning sources...
Finished scanning sources
INFO: [IP_Flow 19-234] Refreshing IP repositories
INFO: [IP_Flow 19-1704] No user IP repositories specified
INFO: [IP_Flow 19-2313] Loaded Vivado IP repository 'D:/HardwareDev/Xilinx/Vivado/2021.1/data/ip'.
open_project: Time (s): cpu = 00:00:10 ; elapsed = 00:00:05 . Memory (MB): peak = 1486.352 ; gain = 0.000
exit
INFO: [Common 17-206] Exiting Vivado at Wed Mar  5 22:14:11 2025...
